<?xml version="1.0" encoding="UTF-8"?>
<!-- Generated by org.testng.reporters.JUnitXMLReporter -->
<testsuite hostname="D1MD21765" ignored="6" name="Test" tests="5" failures="0" timestamp="04 Dec 2017 15:42:50 GMT" time="59.296" errors="0">
  <testcase name="registerNewUser" time="4.003" classname="com.demoaut.mercurytours.TestCases.RegisterUserTest"/>
  <testcase name="validCredentialLogin" time="4.314" classname="com.demoaut.mercurytours.TestCases.LoginUserTest"/>
  <testcase name="bookFlightMethod" time="12.044" classname="com.demoaut.mercurytours.TestCases.FlightBookingTest"/>
  <testcase name="verifyBookingHistory" time="5.14" classname="com.demoaut.mercurytours.TestCases.VerifyItinerary"/>
  <testcase name="invalidCredentialLogin" time="2.543" classname="com.demoaut.mercurytours.TestCases.LoginUserTest"/>
  <testcase name="@AfterTest afterTestCheck" time="0.0" classname="com.demoaut.mercurytours.TestCases.BaseClass">
    <ignored/>
  </testcase> <!-- @AfterTest afterTestCheck -->
  <testcase name="@AfterTest afterTestCheck" time="0.0" classname="com.demoaut.mercurytours.TestCases.BaseClass">
    <ignored/>
  </testcase> <!-- @AfterTest afterTestCheck -->
  <testcase name="@AfterTest afterTestCheck" time="0.0" classname="com.demoaut.mercurytours.TestCases.BaseClass">
    <ignored/>
  </testcase> <!-- @AfterTest afterTestCheck -->
  <testcase name="@BeforeTest startReport" time="0.0" classname="com.demoaut.mercurytours.TestCases.BaseClass">
    <ignored/>
  </testcase> <!-- @BeforeTest startReport -->
  <testcase name="@BeforeTest startReport" time="0.0" classname="com.demoaut.mercurytours.TestCases.BaseClass">
    <ignored/>
  </testcase> <!-- @BeforeTest startReport -->
  <testcase name="@BeforeTest startReport" time="0.0" classname="com.demoaut.mercurytours.TestCases.BaseClass">
    <ignored/>
  </testcase> <!-- @BeforeTest startReport -->
</testsuite> <!-- Test -->
