<?xml version="1.0" encoding="UTF-8"?>
<!-- Generated by org.testng.reporters.JUnitXMLReporter -->
<testsuite hostname="A2ML12985" ignored="0" name="Flight booking tests" tests="2" failures="0" timestamp="14 Mar 2018 09:20:10 GMT" time="76.528" errors="0">
  <testcase name="validateLogIn" time="2.426" classname="mercury.bookflight.testcases.MercuryTestCases"/>
  <testcase name="bookReturnFlightTickets" time="46.296" classname="mercury.bookflight.testcases.MercuryTestCases"/>
</testsuite> <!-- Flight booking tests -->
