<?xml version="1.0" encoding="UTF-8"?>
<testng-results skipped="0" failed="0" ignored="0" total="2" passed="2">
  <reporter-output>
  </reporter-output>
  <suite name="Mercury flight booking test project" duration-ms="76528" started-at="2018-03-14T09:18:54Z" finished-at="2018-03-14T09:20:10Z">
    <groups>
    </groups>
    <test name="Flight booking tests" duration-ms="76528" started-at="2018-03-14T09:18:54Z" finished-at="2018-03-14T09:20:10Z">
      <class name="mercury.bookflight.testcases.MercuryTestCases">
        <test-method status="PASS" signature="openBrowser()[pri:0, instance:mercury.bookflight.testcases.MercuryTestCases@1a1d6a08]" name="openBrowser" is-config="true" duration-ms="15345" started-at="2018-03-14T14:48:54Z" finished-at="2018-03-14T14:49:09Z">
          <reporter-output>
          </reporter-output>
        </test-method> <!-- openBrowser -->
        <test-method status="PASS" signature="validateLogIn()[pri:0, instance:mercury.bookflight.testcases.MercuryTestCases@1a1d6a08]" name="validateLogIn" duration-ms="2426" started-at="2018-03-14T14:49:09Z" description="Test: Validating the user credentials" finished-at="2018-03-14T14:49:12Z">
          <reporter-output>
          </reporter-output>
        </test-method> <!-- validateLogIn -->
        <test-method status="PASS" signature="closeBrowser()[pri:0, instance:mercury.bookflight.testcases.MercuryTestCases@1a1d6a08]" name="closeBrowser" is-config="true" duration-ms="995" started-at="2018-03-14T14:49:12Z" finished-at="2018-03-14T14:49:13Z">
          <reporter-output>
          </reporter-output>
        </test-method> <!-- closeBrowser -->
        <test-method status="PASS" signature="openBrowser()[pri:0, instance:mercury.bookflight.testcases.MercuryTestCases@1a1d6a08]" name="openBrowser" is-config="true" duration-ms="10222" started-at="2018-03-14T14:49:13Z" finished-at="2018-03-14T14:49:23Z">
          <reporter-output>
          </reporter-output>
        </test-method> <!-- openBrowser -->
        <test-method status="PASS" signature="bookReturnFlightTickets()[pri:1, instance:mercury.bookflight.testcases.MercuryTestCases@1a1d6a08]" name="bookReturnFlightTickets" duration-ms="46296" started-at="2018-03-14T14:49:23Z" description="Test: Book flight tickets for return journey" finished-at="2018-03-14T14:50:09Z">
          <reporter-output>
          </reporter-output>
        </test-method> <!-- bookReturnFlightTickets -->
        <test-method status="PASS" signature="closeBrowser()[pri:0, instance:mercury.bookflight.testcases.MercuryTestCases@1a1d6a08]" name="closeBrowser" is-config="true" duration-ms="836" started-at="2018-03-14T14:50:09Z" finished-at="2018-03-14T14:50:10Z">
          <reporter-output>
          </reporter-output>
        </test-method> <!-- closeBrowser -->
        <test-method status="PASS" signature="sendReport()[pri:0, instance:mercury.bookflight.testcases.MercuryTestCases@1a1d6a08]" name="sendReport" is-config="true" duration-ms="21197" started-at="2018-03-14T14:50:10Z" finished-at="2018-03-14T14:50:31Z">
          <reporter-output>
          </reporter-output>
        </test-method> <!-- sendReport -->
      </class> <!-- mercury.bookflight.testcases.MercuryTestCases -->
    </test> <!-- Flight booking tests -->
  </suite> <!-- Mercury flight booking test project -->
</testng-results>
