<?xml version="1.0" encoding="UTF-8"?>
<!-- Generated by org.testng.reporters.JUnitXMLReporter -->
<testsuite hostname="A2ML12985" ignored="0" name="Default test" tests="2" failures="0" timestamp="12 Mar 2018 08:49:00 GMT" time="29.592" errors="0">
  <testcase name="validateLogIn" time="2.309" classname="mercury.bookflight.testcases.MercuryTestCases"/>
  <testcase name="bookReturnFlightTickets" time="12.709" classname="mercury.bookflight.testcases.MercuryTestCases"/>
</testsuite> <!-- Default test -->
