<?xml version="1.0" encoding="UTF-8"?>
<!-- Generated by org.testng.reporters.JUnitXMLReporter -->
<testsuite hostname="A1ML19694" ignored="2" name="WebTour Tests" tests="2" failures="0" timestamp="15 Mar 2018 11:22:28 GMT" time="30.173" errors="0">
  <testcase name="loginTest" time="25.453" classname="com.project.webtours.Testcases.LoginTest"/>
  <testcase name="returnTicketTest" time="4.668" classname="com.project.webtours.Testcases.ReturnTicketTest"/>
  <testcase name="@AfterSuite report" time="0.0" classname="com.project.webtours.base.Base">
    <ignored/>
  </testcase> <!-- @AfterSuite report -->
  <testcase name="@BeforeSuite browserSetup" time="0.0" classname="com.project.webtours.base.Base">
    <ignored/>
  </testcase> <!-- @BeforeSuite browserSetup -->
</testsuite> <!-- WebTour Tests -->
