<?xml version="1.0" encoding="UTF-8"?>
<testng-results skipped="0" failed="0" ignored="0" total="2" passed="2">
  <reporter-output>
  </reporter-output>
  <suite name="Test Wordpress" duration-ms="101981" started-at="2018-02-05T01:59:32Z" finished-at="2018-02-05T02:01:14Z">
    <groups>
    </groups>
    <test name="Wordpress Test" duration-ms="101981" started-at="2018-02-05T01:59:32Z" finished-at="2018-02-05T02:01:14Z">
      <class name="drivers.RunManager">
        <test-method status="PASS" signature="initialize()[pri:0, instance:drivers.RunManager@6acdbdf5]" name="initialize" is-config="true" duration-ms="32" started-at="2018-02-04T19:59:32Z" finished-at="2018-02-04T19:59:32Z">
          <reporter-output>
          </reporter-output>
        </test-method> <!-- initialize -->
        <test-method status="PASS" signature="TestCase()[pri:0, instance:drivers.RunManager@6acdbdf5]" name="TestCase" duration-ms="101756" started-at="2018-02-04T19:59:32Z" finished-at="2018-02-04T20:01:14Z">
          <reporter-output>
          </reporter-output>
        </test-method> <!-- TestCase -->
        <test-method status="PASS" signature="exportToExcel()[pri:1, instance:drivers.RunManager@6acdbdf5]" name="exportToExcel" duration-ms="189" started-at="2018-02-04T20:01:14Z" finished-at="2018-02-04T20:01:14Z">
          <reporter-output>
          </reporter-output>
        </test-method> <!-- exportToExcel -->
      </class> <!-- drivers.RunManager -->
    </test> <!-- Wordpress Test -->
  </suite> <!-- Test Wordpress -->
</testng-results>
